<?xml version="1.0" encoding="UTF-8"?>
<!-- Generated by org.testng.reporters.JUnitReportReporter -->
<testsuite hostname="DESKTOP-OSJ3TID" failures="0" tests="1" name="tests.Login" time="2.394" errors="0" timestamp="2024-12-22T12:01:37 IST" skipped="0">
  <testcase classname="tests.Login" name="LoginTest" time="2.394"/>
  <system-out/>
</testsuite> <!-- tests.Login -->
