<?xml version="1.0" encoding="UTF-8"?>
<!-- Generated by org.testng.reporters.JUnitReportReporter -->
<testsuite hostname="DESKTOP-OSJ3TID" failures="0" tests="3" name="tests.Login" time="15.431" errors="0" timestamp="2024-12-22T14:06:18 IST" skipped="0">
  <testcase classname="tests.Login" name="validateLogin" time="3.470"/>
  <system-out/>
  <testcase classname="tests.Login" name="validateLogin" time="3.050"/>
  <system-out/>
  <testcase classname="tests.Login" name="validateLogin" time="8.911"/>
  <system-out/>
</testsuite> <!-- tests.Login -->
