<?xml version="1.0" encoding="UTF-8"?>
<!-- Generated by org.testng.reporters.JUnitReportReporter -->
<testsuite hostname="DESKTOP-0VETPOP" failures="0" tests="3" name="tests.Login" time="7.378" errors="0" timestamp="2024-12-28T11:24:39 IST" skipped="0">
  <testcase classname="tests.Login" name="validateLogin" time="2.625"/>
  <system-out/>
  <testcase classname="tests.Login" name="validateLogin" time="2.270"/>
  <system-out/>
  <testcase classname="tests.Login" name="validateLogin" time="2.483"/>
  <system-out/>
</testsuite> <!-- tests.Login -->
