<?xml version="1.0" encoding="UTF-8"?>
<!-- Generated by org.testng.reporters.JUnitReportReporter -->
<testsuite hostname="DESKTOP-OSJ3TID" failures="0" tests="3" name="tests.Login" time="11.808" errors="0" timestamp="2024-12-22T20:54:47 IST" skipped="0">
  <testcase classname="tests.Login" name="validateLogin" time="4.311"/>
  <system-out/>
  <testcase classname="tests.Login" name="validateLogin" time="2.602"/>
  <system-out/>
  <testcase classname="tests.Login" name="validateLogin" time="4.895"/>
  <system-out/>
</testsuite> <!-- tests.Login -->
